[NX Daemon Server] - 2024-09-09T15:51:53.913Z - Started listening on: /var/folders/n2/tgfq07nd28x4dkfwtsvghlt80000gn/T/fcb9057a7f56bd335257/d.sock
[NX Daemon Server] - 2024-09-09T15:51:53.916Z - [WATCHER]: Subscribed to changes within: /Users/lois/Documents/GitHub/zephyr/examples/nx-example/nx-react-webpack-mf-workspace (native)
[NX Daemon Server] - 2024-09-09T15:51:53.921Z - Established a connection. Number of open connections: 1
[NX Daemon Server] - 2024-09-09T15:51:53.922Z - Established a connection. Number of open connections: 2
[NX Daemon Server] - 2024-09-09T15:51:53.923Z - Closed a connection. Number of open connections: 1
[NX Daemon Server] - 2024-09-09T15:51:53.928Z - [REQUEST]: Client Request for Project Graph Received
[NX Daemon Server] - 2024-09-09T15:51:53.976Z - [WATCHER]: .nx/workspace-data/d/server-process.json was created or restored
[NX Daemon Server] - 2024-09-09T15:51:54.042Z - [REQUEST]: Updated workspace context based on watched changes, recomputing project graph...
[NX Daemon Server] - 2024-09-09T15:51:54.042Z - [REQUEST]: .nx/workspace-data/d/server-process.json
[NX Daemon Server] - 2024-09-09T15:51:54.042Z - [REQUEST]: 
[NX Daemon Server] - 2024-09-09T15:51:54.047Z - Time taken for 'loadNxPlugins' 112.16358399999999ms
[NX Daemon Server] - 2024-09-09T15:51:54.081Z - Time taken for 'build-project-configs' 24.701583ms
[NX Daemon Server] - 2024-09-09T15:51:54.081Z - [REQUEST]: Updated workspace context based on watched changes, recomputing project graph...
[NX Daemon Server] - 2024-09-09T15:51:54.081Z - [REQUEST]: 
[NX Daemon Server] - 2024-09-09T15:51:54.081Z - [REQUEST]: 
[NX Daemon Server] - 2024-09-09T15:51:54.083Z - Time taken for 'hash changed files from watcher' 0.062207999999998265ms
[NX Daemon Server] - 2024-09-09T15:51:54.151Z - [SYNC]: collect registered sync generators
[NX Daemon Server] - 2024-09-09T15:51:54.151Z - [SYNC]: scheduling: []
[NX Daemon Server] - 2024-09-09T15:51:54.151Z - [REQUEST]: Responding to the client. project-graph
[NX Daemon Server] - 2024-09-09T15:51:54.152Z - Time taken for 'total for creating and serializing project graph' 223.05249999999998ms
[NX Daemon Server] - 2024-09-09T15:51:54.158Z - Time taken for 'build-project-configs' 73.91395799999998ms
[NX Daemon Server] - 2024-09-09T15:51:54.163Z - Done responding to the client project-graph
[NX Daemon Server] - 2024-09-09T15:51:54.163Z - Handled REQUEST_PROJECT_GRAPH. Handling time: 223. Response time: 12.
[NX Daemon Server] - 2024-09-09T15:51:54.177Z - [SYNC]: collect registered sync generators
[NX Daemon Server] - 2024-09-09T15:51:54.177Z - [SYNC]: project graph hash is the same, not collecting task sync generators
[NX Daemon Server] - 2024-09-09T15:51:54.177Z - [SYNC]: nx.json hash is the same, not collecting global sync generators
[NX Daemon Server] - 2024-09-09T15:51:54.177Z - [SYNC]: scheduling: []
[NX Daemon Server] - 2024-09-09T15:51:54.177Z - Time taken for 'total execution time for createProjectGraph()' 15.038791000000003ms
[NX Daemon Server] - 2024-09-09T15:51:54.190Z - [REQUEST]: Responding to the client. handleHashTasks
[NX Daemon Server] - 2024-09-09T15:51:54.191Z - Done responding to the client handleHashTasks
[NX Daemon Server] - 2024-09-09T15:51:54.191Z - Handled HASH_TASKS. Handling time: 12. Response time: 1.
[NX Daemon Server] - 2024-09-09T15:51:54.612Z - [WATCHER]: Processing file changes in outputs
[NX Daemon Server] - 2024-09-09T15:51:59.275Z - [WATCHER]: Processing file changes in outputs
[NX Daemon Server] - 2024-09-09T15:51:59.317Z - [REQUEST]: Responding to the client. recordOutputsHash
[NX Daemon Server] - 2024-09-09T15:51:59.317Z - Done responding to the client recordOutputsHash
[NX Daemon Server] - 2024-09-09T15:51:59.317Z - Handled RECORD_OUTPUTS_HASH. Handling time: 1. Response time: 0.
[NX Daemon Server] - 2024-09-09T15:51:59.346Z - [REQUEST]: Responding to the client. handleWriteTaskRunsToHistory
[NX Daemon Server] - 2024-09-09T15:51:59.346Z - Done responding to the client handleWriteTaskRunsToHistory
[NX Daemon Server] - 2024-09-09T15:51:59.346Z - Handled WRITE_TASK_RUNS_TO_HISTORY. Handling time: 0. Response time: 1.
[NX Daemon Server] - 2024-09-09T15:51:59.346Z - [REQUEST]: Responding to the client. handleGetTaskHistoryForHashes
[NX Daemon Server] - 2024-09-09T15:51:59.346Z - Done responding to the client handleGetTaskHistoryForHashes
[NX Daemon Server] - 2024-09-09T15:51:59.346Z - Handled GET_TASK_HISTORY_FOR_HASHES. Handling time: 0. Response time: 0.
[NX Daemon Server] - 2024-09-09T15:51:59.351Z - Closed a connection. Number of open connections: 0
[NX Daemon Server] - 2024-09-09T15:51:59.373Z - [WATCHER]: Processing file changes in outputs
[NX Daemon Server] - 2024-09-09T15:52:13.855Z - Established a connection. Number of open connections: 1
[NX Daemon Server] - 2024-09-09T15:52:13.855Z - Established a connection. Number of open connections: 2
[NX Daemon Server] - 2024-09-09T15:52:13.855Z - Closed a connection. Number of open connections: 1
[NX Daemon Server] - 2024-09-09T15:52:13.857Z - [REQUEST]: Client Request for Project Graph Received
[NX Daemon Server] - 2024-09-09T15:52:13.857Z - [REQUEST]: Responding to the client. project-graph
[NX Daemon Server] - 2024-09-09T15:52:13.858Z - Time taken for 'total for creating and serializing project graph' 0.2302499999968859ms
[NX Daemon Server] - 2024-09-09T15:52:13.860Z - Done responding to the client project-graph
[NX Daemon Server] - 2024-09-09T15:52:13.860Z - Handled REQUEST_PROJECT_GRAPH. Handling time: 0. Response time: 3.
[NX Daemon Server] - 2024-09-09T15:52:13.879Z - [REQUEST]: Responding to the client. handleHashTasks
[NX Daemon Server] - 2024-09-09T15:52:13.880Z - Done responding to the client handleHashTasks
[NX Daemon Server] - 2024-09-09T15:52:13.880Z - Handled HASH_TASKS. Handling time: 10. Response time: 1.
[NX Daemon Server] - 2024-09-09T15:52:13.914Z - [REQUEST]: Responding to the client. outputsHashesMatch
[NX Daemon Server] - 2024-09-09T15:52:13.914Z - Done responding to the client outputsHashesMatch
[NX Daemon Server] - 2024-09-09T15:52:13.914Z - Handled OUTPUTS_HASHES_MATCH. Handling time: 0. Response time: 0.
[NX Daemon Server] - 2024-09-09T15:52:13.915Z - [REQUEST]: Responding to the client. recordOutputsHash
[NX Daemon Server] - 2024-09-09T15:52:13.915Z - Done responding to the client recordOutputsHash
[NX Daemon Server] - 2024-09-09T15:52:13.915Z - Handled RECORD_OUTPUTS_HASH. Handling time: 0. Response time: 0.
[NX Daemon Server] - 2024-09-09T15:52:14.228Z - [WATCHER]: Processing file changes in outputs
[NX Daemon Server] - 2024-09-09T15:52:16.036Z - [WATCHER]: Processing file changes in outputs
[NX Daemon Server] - 2024-09-09T15:52:16.054Z - [REQUEST]: Responding to the client. recordOutputsHash
[NX Daemon Server] - 2024-09-09T15:52:16.054Z - Done responding to the client recordOutputsHash
[NX Daemon Server] - 2024-09-09T15:52:16.054Z - Handled RECORD_OUTPUTS_HASH. Handling time: 1. Response time: 0.
[NX Daemon Server] - 2024-09-09T15:52:16.108Z - [WATCHER]: Processing file changes in outputs
[NX Daemon Server] - 2024-09-09T15:52:19.379Z - [WATCHER]: Processing file changes in outputs
[NX Daemon Server] - 2024-09-09T15:52:19.389Z - [REQUEST]: Responding to the client. recordOutputsHash
[NX Daemon Server] - 2024-09-09T15:52:19.389Z - Done responding to the client recordOutputsHash
[NX Daemon Server] - 2024-09-09T15:52:19.389Z - Handled RECORD_OUTPUTS_HASH. Handling time: 0. Response time: 1.
[NX Daemon Server] - 2024-09-09T15:52:19.395Z - [REQUEST]: Responding to the client. handleWriteTaskRunsToHistory
[NX Daemon Server] - 2024-09-09T15:52:19.395Z - Done responding to the client handleWriteTaskRunsToHistory
[NX Daemon Server] - 2024-09-09T15:52:19.395Z - Handled WRITE_TASK_RUNS_TO_HISTORY. Handling time: 0. Response time: 0.
[NX Daemon Server] - 2024-09-09T15:52:19.395Z - [REQUEST]: Responding to the client. handleGetTaskHistoryForHashes
[NX Daemon Server] - 2024-09-09T15:52:19.395Z - Done responding to the client handleGetTaskHistoryForHashes
[NX Daemon Server] - 2024-09-09T15:52:19.395Z - Handled GET_TASK_HISTORY_FOR_HASHES. Handling time: 0. Response time: 0.
[NX Daemon Server] - 2024-09-09T15:52:19.398Z - Closed a connection. Number of open connections: 0
[NX Daemon Server] - 2024-09-09T15:52:19.445Z - [WATCHER]: Processing file changes in outputs
[NX Daemon Server] - 2024-09-09T16:00:07.214Z - [WATCHER]: Processing file changes in outputs
[NX Daemon Server] - 2024-09-09T16:00:07.215Z - [WATCHER]: Stopping the watcher for /Users/lois/Documents/GitHub/zephyr/examples/nx-example/nx-react-webpack-mf-workspace (sources)
[NX Daemon Server] - 2024-09-09T16:00:07.215Z - [WATCHER]: Stopping the watcher for /Users/lois/Documents/GitHub/zephyr/examples/nx-example/nx-react-webpack-mf-workspace (outputs)
[NX Daemon Server] - 2024-09-09T16:00:07.216Z - Server stopped because: "LOCK_FILES_CHANGED"
[NX Daemon Server] - 2024-09-09T18:25:55.237Z - Started listening on: /var/folders/n2/tgfq07nd28x4dkfwtsvghlt80000gn/T/fcb9057a7f56bd335257/d.sock
[NX Daemon Server] - 2024-09-09T18:25:55.239Z - [WATCHER]: Subscribed to changes within: /Users/lois/Documents/GitHub/zephyr/examples/nx-example/nx-react-webpack-mf-workspace (native)
[NX Daemon Server] - 2024-09-09T18:25:55.241Z - Established a connection. Number of open connections: 1
[NX Daemon Server] - 2024-09-09T18:25:55.241Z - Established a connection. Number of open connections: 2
[NX Daemon Server] - 2024-09-09T18:25:55.242Z - Closed a connection. Number of open connections: 1
[NX Daemon Server] - 2024-09-09T18:25:55.243Z - [REQUEST]: Client Request for Project Graph Received
[NX Daemon Server] - 2024-09-09T18:25:55.353Z - [REQUEST]: Updated workspace context based on watched changes, recomputing project graph...
[NX Daemon Server] - 2024-09-09T18:25:55.353Z - [REQUEST]: 
[NX Daemon Server] - 2024-09-09T18:25:55.353Z - [REQUEST]: 
[NX Daemon Server] - 2024-09-09T18:25:55.358Z - Time taken for 'loadNxPlugins' 108.47337499999999ms
[NX Daemon Server] - 2024-09-09T18:25:55.392Z - Time taken for 'build-project-configs' 22.716375ms
[NX Daemon Server] - 2024-09-09T18:25:55.451Z - [SYNC]: collect registered sync generators
[NX Daemon Server] - 2024-09-09T18:25:55.452Z - [SYNC]: scheduling: []
[NX Daemon Server] - 2024-09-09T18:25:55.452Z - [REQUEST]: Responding to the client. project-graph
[NX Daemon Server] - 2024-09-09T18:25:55.452Z - Time taken for 'total for creating and serializing project graph' 209.014833ms
[NX Daemon Server] - 2024-09-09T18:25:55.454Z - Done responding to the client project-graph
[NX Daemon Server] - 2024-09-09T18:25:55.454Z - Handled REQUEST_PROJECT_GRAPH. Handling time: 209. Response time: 2.
[NX Daemon Server] - 2024-09-09T18:25:55.473Z - [REQUEST]: Responding to the client. handleHashTasks
[NX Daemon Server] - 2024-09-09T18:25:55.475Z - Done responding to the client handleHashTasks
[NX Daemon Server] - 2024-09-09T18:25:55.475Z - Handled HASH_TASKS. Handling time: 12. Response time: 2.
[NX Daemon Server] - 2024-09-09T18:26:07.311Z - Closed a connection. Number of open connections: 0
[NX Daemon Server] - 2024-09-09T18:26:12.012Z - Established a connection. Number of open connections: 1
[NX Daemon Server] - 2024-09-09T18:26:12.013Z - Closed a connection. Number of open connections: 0
[NX Daemon Server] - 2024-09-09T18:26:12.013Z - Established a connection. Number of open connections: 1
[NX Daemon Server] - 2024-09-09T18:26:12.016Z - [REQUEST]: Client Request for Project Graph Received
[NX Daemon Server] - 2024-09-09T18:26:12.016Z - [REQUEST]: Responding to the client. project-graph
[NX Daemon Server] - 2024-09-09T18:26:12.016Z - Time taken for 'total for creating and serializing project graph' 0.18179199999940465ms
[NX Daemon Server] - 2024-09-09T18:26:12.018Z - Done responding to the client project-graph
[NX Daemon Server] - 2024-09-09T18:26:12.018Z - Handled REQUEST_PROJECT_GRAPH. Handling time: 1. Response time: 2.
[NX Daemon Server] - 2024-09-09T18:26:12.032Z - [REQUEST]: Responding to the client. handleHashTasks
[NX Daemon Server] - 2024-09-09T18:26:12.032Z - Done responding to the client handleHashTasks
[NX Daemon Server] - 2024-09-09T18:26:12.033Z - Handled HASH_TASKS. Handling time: 7. Response time: 1.
[NX Daemon Server] - 2024-09-09T18:26:19.206Z - Closed a connection. Number of open connections: 0
[NX Daemon Server] - 2024-09-09T18:26:26.034Z - Established a connection. Number of open connections: 1
[NX Daemon Server] - 2024-09-09T18:26:26.035Z - Closed a connection. Number of open connections: 0
[NX Daemon Server] - 2024-09-09T18:26:26.035Z - Established a connection. Number of open connections: 1
[NX Daemon Server] - 2024-09-09T18:26:26.037Z - [REQUEST]: Client Request for Project Graph Received
[NX Daemon Server] - 2024-09-09T18:26:26.037Z - [REQUEST]: Responding to the client. project-graph
[NX Daemon Server] - 2024-09-09T18:26:26.038Z - Time taken for 'total for creating and serializing project graph' 0.27937500000189175ms
[NX Daemon Server] - 2024-09-09T18:26:26.040Z - Done responding to the client project-graph
[NX Daemon Server] - 2024-09-09T18:26:26.040Z - Handled REQUEST_PROJECT_GRAPH. Handling time: 0. Response time: 3.
[NX Daemon Server] - 2024-09-09T18:26:26.053Z - [REQUEST]: Responding to the client. handleHashTasks
[NX Daemon Server] - 2024-09-09T18:26:26.053Z - Done responding to the client handleHashTasks
[NX Daemon Server] - 2024-09-09T18:26:26.053Z - Handled HASH_TASKS. Handling time: 7. Response time: 0.
[NX Daemon Server] - 2024-09-09T18:26:45.336Z - Closed a connection. Number of open connections: 0
[NX Daemon Server] - 2024-09-09T18:29:33.576Z - [WATCHER]: Processing file changes in outputs
[NX Daemon Server] - 2024-09-09T18:29:33.579Z - [WATCHER]: Stopping the watcher for /Users/lois/Documents/GitHub/zephyr/examples/nx-example/nx-react-webpack-mf-workspace (sources)
[NX Daemon Server] - 2024-09-09T18:29:33.579Z - [WATCHER]: Stopping the watcher for /Users/lois/Documents/GitHub/zephyr/examples/nx-example/nx-react-webpack-mf-workspace (outputs)
[NX Daemon Server] - 2024-09-09T18:29:33.581Z - Server stopped because: "LOCK_FILES_CHANGED"
